<?xml version="1.0" encoding="UTF-8"?>
<!-- Generated by org.testng.reporters.JUnitReportReporter -->
<testsuite hostname="CPDK054" failures="0" tests="1" name="Com.APITesting.ReactProjectHomepage" time="2.666" errors="0" timestamp="2024-07-05T12:45:16 IST" skipped="0">
  <testcase classname="Com.APITesting.ReactProjectHomepage" name="GETApiTest2" time="2.666"/>
</testsuite> <!-- Com.APITesting.ReactProjectHomepage -->
